<?xml version="1.0" encoding="UTF-8"?>
<!-- Generated by org.testng.reporters.JUnitReportReporter -->
<testsuite skipped="0" hostname="DESKTOP-H8RTC1S" name="h.ra.h.ra.searc_book_car" tests="1" failures="0" timestamp="2019-09-12T21:55:46 IST" time="24.100" errors="0">
  <testcase name="search_car" time="24.100" classname="h.ra.h.ra.searc_book_car"/>
</testsuite> <!-- h.ra.h.ra.searc_book_car -->
