<?xml version="1.0" encoding="UTF-8"?>
<!-- Generated by org.testng.reporters.JUnitReportReporter -->
<testsuite skipped="0" hostname="DESKTOP-H8RTC1S" name="h.ra.h.ra.search_flight" tests="1" failures="0" timestamp="2019-09-12T21:48:05 IST" time="263.015" errors="0">
  <testcase name="search_flight" time="263.015" classname="h.ra.h.ra.search_flight"/>
</testsuite> <!-- h.ra.h.ra.search_flight -->
