<?xml version="1.0" encoding="UTF-8"?>
<!-- Generated by org.testng.reporters.JUnitReportReporter -->
<testsuite skipped="0" hostname="DESKTOP-H8RTC1S" name="h.ra.h.ra.search_hotel" tests="1" failures="0" timestamp="2019-09-12T21:29:11 IST" time="22.116" errors="0">
  <testcase name="search_hotel" time="22.116" classname="h.ra.h.ra.search_hotel"/>
</testsuite> <!-- h.ra.h.ra.search_hotel -->
