<?xml version="1.0" encoding="UTF-8"?>
<!-- Generated by org.testng.reporters.JUnitReportReporter -->
<testsuite skipped="0" hostname="DESKTOP-H8RTC1S" name="h.ra.h.ra.search_tour" tests="1" failures="0" timestamp="2019-09-12T21:27:54 IST" time="21.256" errors="0">
  <testcase name="search" time="21.256" classname="h.ra.h.ra.search_tour"/>
</testsuite> <!-- h.ra.h.ra.search_tour -->
