<?xml version="1.0" encoding="UTF-8"?>
<!-- Generated by org.testng.reporters.JUnitReportReporter -->
<testsuite skipped="0" hostname="DESKTOP-H8RTC1S" name="h.ra.h.ra.book_tour" tests="1" failures="0" timestamp="2019-09-12T21:54:59 IST" time="12.908" errors="0">
  <testcase name="book_tour" time="12.908" classname="h.ra.h.ra.book_tour"/>
</testsuite> <!-- h.ra.h.ra.book_tour -->
